<?xml version="1.0" encoding="UTF-8"?>
<robot generator="Robot 7.0 (Python 3.12.2 on darwin)" generated="2024-04-05T15:17:34.032152" rpa="false" schemaversion="5">
<suite id="s1" name="Amazon Testes" source="/Users/renatobatel/Documents/cursoudemyrobot/robotframework/webtesting/amazon_testes.robot">
<test id="s1-t1" name="caso de teste 01 - Acesso ao menu &quot;Eletrônicos&quot;" line="8">
<kw name="Abrir o navegador" owner="amazon_resources" type="SETUP">
<kw name="Open Browser" owner="SeleniumLibrary">
<msg time="2024-04-05T15:17:34.100381" level="INFO">Opening browser 'chrome' to base url 'None'.</msg>
<arg>browser=${BROWSER}</arg>
<doc>Opens a new browser instance to the optional ``url``.</doc>
<status status="PASS" start="2024-04-05T15:17:34.100226" elapsed="4.455015"/>
</kw>
<kw name="Maximize Browser Window" owner="SeleniumLibrary">
<doc>Maximizes current browser window.</doc>
<status status="PASS" start="2024-04-05T15:17:38.555734" elapsed="0.451927"/>
</kw>
<status status="PASS" start="2024-04-05T15:17:34.099825" elapsed="4.908052"/>
</kw>
<kw name="Acessar a home page do site Amazon.com.br" owner="amazon_resources">
<kw name="Go To" owner="SeleniumLibrary">
<msg time="2024-04-05T15:17:39.008793" level="INFO">Opening url 'http://www.amazon.com.br'</msg>
<arg>url=${URL}</arg>
<doc>Navigates the current browser window to the provided ``url``.</doc>
<status status="PASS" start="2024-04-05T15:17:39.008627" elapsed="1.108566"/>
</kw>
<kw name="Wait Until Element Is Visible" owner="SeleniumLibrary">
<arg>locator=${MENU_ELETRONICOS}</arg>
<doc>Waits until the element ``locator`` is visible.</doc>
<status status="PASS" start="2024-04-05T15:17:40.117434" elapsed="6.678364"/>
</kw>
<status status="PASS" start="2024-04-05T15:17:39.008333" elapsed="7.787616"/>
</kw>
<kw name="Verificar se o titulo da página fica &quot;Amazon.com.br | Tudo pra você, de A a Z.&quot;">
<msg time="2024-04-05T15:17:46.797158" level="FAIL">No keyword with name 'Verificar se o titulo da página fica "Amazon.com.br | Tudo pra você, de A a Z."' found.</msg>
<status status="FAIL" start="2024-04-05T15:17:46.797051" elapsed="0.000685">No keyword with name 'Verificar se o titulo da página fica "Amazon.com.br | Tudo pra você, de A a Z."' found.</status>
</kw>
<kw name="Entrar no menu &quot;Eletrônicos&quot;" owner="amazon_resources">
<status status="NOT RUN" start="2024-04-05T15:17:46.797976" elapsed="0.000059"/>
</kw>
<kw name="Verificar se aparece a frase &quot;Eletrônicos e Tecnologia&quot;" owner="amazon_resources" source_name="Verificar se aparece a frase &quot;${FRASE}&quot;">
<status status="NOT RUN" start="2024-04-05T15:17:46.798242" elapsed="0.000072"/>
</kw>
<kw name="Verificar se o titulo da página fica &quot;Eletrônicos e Tecnologia | Amazon.com.br&quot;">
<status status="NOT RUN" start="2024-04-05T15:17:46.799139" elapsed="0.000046"/>
</kw>
<kw name="Verificar se aparece a categoria &quot;Computadores e Informática&quot;" owner="amazon_resources" source_name="Verificar se aparece a categoria &quot;${NOME_CATEGORIA}&quot;">
<status status="NOT RUN" start="2024-04-05T15:17:46.799294" elapsed="0.000041"/>
</kw>
<kw name="Verificar se aparece a categoria &quot;Tablets&quot;" owner="amazon_resources" source_name="Verificar se aparece a categoria &quot;${NOME_CATEGORIA}&quot;">
<status status="NOT RUN" start="2024-04-05T15:17:46.799574" elapsed="0.000077"/>
</kw>
<kw name="Fechar o navegador" owner="amazon_resources" type="TEARDOWN">
<kw name="Capture Page Screenshot" owner="SeleniumLibrary">
<msg time="2024-04-05T15:17:47.335558" level="INFO" html="true">&lt;/td&gt;&lt;/tr&gt;&lt;tr&gt;&lt;td colspan="3"&gt;&lt;a href="selenium-screenshot-1.png"&gt;&lt;img src="selenium-screenshot-1.png" width="800px"&gt;&lt;/a&gt;</msg>
<doc>Takes a screenshot of the current page and embeds it into a log file.</doc>
<status status="PASS" start="2024-04-05T15:17:46.800138" elapsed="0.535708"/>
</kw>
<kw name="Close Browser" owner="SeleniumLibrary">
<doc>Closes the current browser.</doc>
<status status="PASS" start="2024-04-05T15:17:47.336014" elapsed="0.155536"/>
</kw>
<status status="PASS" start="2024-04-05T15:17:46.799952" elapsed="0.691741"/>
</kw>
<doc>Esse teste verifica o menu eletronicos do site da amazon.com.br
e verifica a categoria computadores e informatica</doc>
<tag>categorias</tag>
<tag>menus</tag>
<status status="FAIL" start="2024-04-05T15:17:34.099317" elapsed="13.392598">No keyword with name 'Verificar se o titulo da página fica "Amazon.com.br | Tudo pra você, de A a Z."' found.</status>
</test>
<doc>essa suite testa o site da amazon.com.br</doc>
<status status="FAIL" start="2024-04-05T15:17:34.034356" elapsed="13.457991"/>
</suite>
<statistics>
<total>
<stat pass="0" fail="1" skip="0">All Tests</stat>
</total>
<tag>
<stat pass="0" fail="1" skip="0">categorias</stat>
<stat pass="0" fail="1" skip="0">menus</stat>
</tag>
<suite>
<stat pass="0" fail="1" skip="0" id="s1" name="Amazon Testes">Amazon Testes</stat>
</suite>
</statistics>
<errors>
</errors>
</robot>
